<?xml version="1.0" encoding="UTF-8"?>
<!-- Generated by org.testng.reporters.JUnitXMLReporter -->
<testsuite ignored="0" hostname="IN-6KJ9WP3" failures="0" tests="3" name="My hub spot test on firefox" time="1.337" errors="0" timestamp="29 Apr 2023 10:27:28 GMT">
  <testcase classname="com.MyTests.BaseTest" name="@BeforeMethod setUp" time="1.255">
    <failure type="java.lang.IllegalStateException" message="Specified firefox binary location does not exist or is not a real file: C:\Program Files\Mozilla Firefox\firefox.exe">
      <![CDATA[java.lang.IllegalStateException: Specified firefox binary location does not exist or is not a real file: C:\Program Files\Mozilla Firefox\firefox.exe
at com.google.common.base.Preconditions.checkState(Preconditions.java:504)
at org.openqa.selenium.firefox.internal.Executable.<init>(Executable.java:48)
at org.openqa.selenium.firefox.FirefoxBinary.<init>(FirefoxBinary.java:139)
at com.MyTests.BaseTest.setUp(BaseTest.java:41)
at java.base/jdk.internal.reflect.NativeMethodAccessorImpl.invoke0(Native Method)
at java.base/jdk.internal.reflect.NativeMethodAccessorImpl.invoke(NativeMethodAccessorImpl.java:77)
at java.base/jdk.internal.reflect.DelegatingMethodAccessorImpl.invoke(DelegatingMethodAccessorImpl.java:43)
at java.base/java.lang.reflect.Method.invoke(Method.java:568)
at org.testng.internal.MethodInvocationHelper.invokeMethod(MethodInvocationHelper.java:124)
at org.testng.internal.MethodInvocationHelper.invokeMethodConsideringTimeout(MethodInvocationHelper.java:59)
at org.testng.internal.Invoker.invokeConfigurationMethod(Invoker.java:458)
at org.testng.internal.Invoker.invokeConfigurations(Invoker.java:222)
at org.testng.internal.Invoker.invokeMethod(Invoker.java:523)
at org.testng.internal.Invoker.invokeTestMethod(Invoker.java:719)
at org.testng.internal.Invoker.invokeTestMethods(Invoker.java:989)
at org.testng.internal.TestMethodWorker.invokeTestMethods(TestMethodWorker.java:125)
at org.testng.internal.TestMethodWorker.run(TestMethodWorker.java:109)
at java.base/java.util.concurrent.ThreadPoolExecutor.runWorker(ThreadPoolExecutor.java:1136)
at java.base/java.util.concurrent.ThreadPoolExecutor$Worker.run(ThreadPoolExecutor.java:635)
at java.base/java.lang.Thread.run(Thread.java:833)
]]>
    </failure>
  </testcase> <!-- @BeforeMethod setUp -->
  <testcase classname="com.MyTests.BaseTest" name="@AfterMethod tearDown" time="0.0">
    <skipped/>
  </testcase> <!-- @AfterMethod tearDown -->
  <testcase classname="com.MyTests.BaseTest" name="@BeforeMethod setUp" time="0.0">
    <skipped/>
  </testcase> <!-- @BeforeMethod setUp -->
  <testcase classname="com.MyTests.BaseTest" name="@AfterMethod tearDown" time="0.0">
    <skipped/>
  </testcase> <!-- @AfterMethod tearDown -->
  <testcase classname="com.MyTests.BaseTest" name="@BeforeMethod setUp" time="0.0">
    <skipped/>
  </testcase> <!-- @BeforeMethod setUp -->
  <testcase classname="com.MyTests.BaseTest" name="@AfterMethod tearDown" time="0.0">
    <skipped/>
  </testcase> <!-- @AfterMethod tearDown -->
  <testcase classname="com.MyTests.LoginTest" name="verifyLoginPageTitleTest" time="0.0">
    <skipped/>
  </testcase> <!-- verifyLoginPageTitleTest -->
  <testcase classname="com.MyTests.LoginTest" name="verifyLoginPageHeader" time="0.0">
    <skipped/>
  </testcase> <!-- verifyLoginPageHeader -->
  <testcase classname="com.MyTests.LoginTest" name="doLoginTest" time="0.0">
    <skipped/>
  </testcase> <!-- doLoginTest -->
</testsuite> <!-- My hub spot test on firefox -->
