<?xml version="1.0" encoding="UTF-8"?>
<!-- Generated by org.testng.reporters.JUnitXMLReporter -->
<testsuite ignored="0" hostname="IN-6KJ9WP3" failures="0" tests="3" name="My hub spot test on chrome" time="25.314" errors="0" timestamp="29 Apr 2023 12:21:51 GMT">
  <testcase classname="com.MyTests.LoginTest" name="verifyLoginPageTitleTest" time="0.015"/>
  <testcase classname="com.MyTests.LoginTest" name="verifyLoginPageHeader" time="0.041"/>
  <testcase classname="com.MyTests.LoginTest" name="doLoginTest" time="0.829"/>
</testsuite> <!-- My hub spot test on chrome -->
