<?xml version="1.0" encoding="UTF-8"?>
<testng-results ignored="0" total="3" passed="3" failed="0" skipped="0">
  <reporter-output>
  </reporter-output>
  <suite started-at="2023-04-29T12:21:26Z" name="Suite" finished-at="2023-04-29T12:21:51Z" duration-ms="25314">
    <groups>
    </groups>
    <test started-at="2023-04-29T12:21:26Z" name="My hub spot test on chrome" finished-at="2023-04-29T12:21:51Z" duration-ms="25314">
      <class name="com.MyTests.LoginTest">
        <test-method is-config="true" signature="setUp(java.lang.String)[pri:0, instance:com.MyTests.LoginTest@345f69f3]" started-at="2023-04-29T12:21:26Z" name="setUp" finished-at="2023-04-29T12:21:34Z" duration-ms="8137" status="PASS">
          <params>
            <param index="0">
              <value>
                <![CDATA[Chrome]]>
              </value>
            </param>
          </params>
          <reporter-output>
          </reporter-output>
        </test-method> <!-- setUp -->
        <test-method signature="verifyLoginPageTitleTest()[pri:1, instance:com.MyTests.LoginTest@345f69f3]" started-at="2023-04-29T12:21:34Z" name="verifyLoginPageTitleTest" finished-at="2023-04-29T12:21:34Z" duration-ms="15" status="PASS">
          <reporter-output>
          </reporter-output>
        </test-method> <!-- verifyLoginPageTitleTest -->
        <test-method is-config="true" signature="tearDown()[pri:0, instance:com.MyTests.LoginTest@345f69f3]" started-at="2023-04-29T12:21:34Z" name="tearDown" finished-at="2023-04-29T12:21:34Z" duration-ms="348" status="PASS">
          <reporter-output>
          </reporter-output>
        </test-method> <!-- tearDown -->
        <test-method is-config="true" signature="setUp(java.lang.String)[pri:0, instance:com.MyTests.LoginTest@345f69f3]" started-at="2023-04-29T12:21:34Z" name="setUp" finished-at="2023-04-29T12:21:42Z" duration-ms="7542" status="PASS">
          <params>
            <param index="0">
              <value>
                <![CDATA[Chrome]]>
              </value>
            </param>
          </params>
          <reporter-output>
          </reporter-output>
        </test-method> <!-- setUp -->
        <test-method signature="verifyLoginPageHeader()[pri:2, instance:com.MyTests.LoginTest@345f69f3]" started-at="2023-04-29T12:21:42Z" name="verifyLoginPageHeader" finished-at="2023-04-29T12:21:42Z" duration-ms="41" status="PASS">
          <reporter-output>
          </reporter-output>
        </test-method> <!-- verifyLoginPageHeader -->
        <test-method is-config="true" signature="tearDown()[pri:0, instance:com.MyTests.LoginTest@345f69f3]" started-at="2023-04-29T12:21:42Z" name="tearDown" finished-at="2023-04-29T12:21:42Z" duration-ms="332" status="PASS">
          <reporter-output>
          </reporter-output>
        </test-method> <!-- tearDown -->
        <test-method is-config="true" signature="setUp(java.lang.String)[pri:0, instance:com.MyTests.LoginTest@345f69f3]" started-at="2023-04-29T12:21:42Z" name="setUp" finished-at="2023-04-29T12:21:50Z" duration-ms="7739" status="PASS">
          <params>
            <param index="0">
              <value>
                <![CDATA[Chrome]]>
              </value>
            </param>
          </params>
          <reporter-output>
          </reporter-output>
        </test-method> <!-- setUp -->
        <test-method signature="doLoginTest()[pri:3, instance:com.MyTests.LoginTest@345f69f3]" started-at="2023-04-29T12:21:50Z" name="doLoginTest" finished-at="2023-04-29T12:21:51Z" duration-ms="829" status="PASS">
          <reporter-output>
          </reporter-output>
        </test-method> <!-- doLoginTest -->
        <test-method is-config="true" signature="tearDown()[pri:0, instance:com.MyTests.LoginTest@345f69f3]" started-at="2023-04-29T12:21:51Z" name="tearDown" finished-at="2023-04-29T12:21:51Z" duration-ms="309" status="PASS">
          <reporter-output>
          </reporter-output>
        </test-method> <!-- tearDown -->
      </class> <!-- com.MyTests.LoginTest -->
    </test> <!-- My hub spot test on chrome -->
  </suite> <!-- Suite -->
</testng-results>
